<?xml version="1.0" encoding="UTF-8"?>
<!-- Generated by org.testng.reporters.JUnitReportReporter -->
<testsuite hostname="DESKTOP-RT4D28D" failures="0" tests="1" name="e2e_tests.ValidationTest" time="212.236" errors="0" timestamp="05 Jan 2021 22:46:22 GMT" skipped="0">
  <testcase classname="e2e_tests.ValidationTest" name="valRSAcad" time="212.236"/>
</testsuite> <!-- e2e_tests.ValidationTest -->
