<?xml version="1.0" encoding="UTF-8"?>
<!-- Generated by org.testng.reporters.JUnitReportReporter -->
<testsuite hostname="DESKTOP-RT4D28D" failures="0" tests="4" name="cucumber_options.TestRunner" time="164.778" errors="0" timestamp="07 Jan 2021 01:31:33 GMT" skipped="0">
  <testcase classname="cucumber_options.TestRunner" name="runScenario" time="62.265"/>
  <testcase classname="cucumber_options.TestRunner" name="runScenario" time="21.960"/>
  <testcase classname="cucumber_options.TestRunner" name="runScenario" time="41.876"/>
  <testcase classname="cucumber_options.TestRunner" name="runScenario" time="38.677"/>
</testsuite> <!-- cucumber_options.TestRunner -->
