<?xml version="1.0" encoding="UTF-8"?>
<!-- Generated by org.testng.reporters.JUnitReportReporter -->
<testsuite hostname="DESKTOP-RT4D28D" failures="0" tests="2" name="e2e_tests.NavigationTest" time="202.566" errors="0" timestamp="05 Jan 2021 22:46:22 GMT" skipped="0">
  <testcase classname="e2e_tests.NavigationTest" name="navRSAcad" time="94.747"/>
  <testcase classname="e2e_tests.NavigationTest" name="navRSAcad" time="107.819"/>
</testsuite> <!-- e2e_tests.NavigationTest -->
