<?xml version="1.0" encoding="UTF-8"?>
<!-- Generated by org.testng.reporters.JUnitReportReporter -->
<testsuite hostname="DESKTOP-RT4D28D" failures="0" tests="2" name="e2e_tests.E2ETest" time="149.680" errors="0" timestamp="29 Nov 2020 20:27:59 GMT" skipped="0">
  <testcase classname="e2e_tests.E2ETest" name="logIntoRSAcad" time="74.293"/>
  <testcase classname="e2e_tests.E2ETest" name="logIntoRSAcad" time="75.387"/>
</testsuite> <!-- e2e_tests.E2ETest -->
