<?xml version="1.0" encoding="UTF-8"?>
<!-- Generated by org.testng.reporters.JUnitReportReporter -->
<testsuite hostname="DESKTOP-RT4D28D" failures="0" tests="4" name="cucumber_options.TestRunner" time="154.975" errors="0" timestamp="07 Jan 2021 01:47:02 GMT" skipped="0">
  <testcase classname="cucumber_options.TestRunner" name="runScenario" time="21.998"/>
  <testcase classname="cucumber_options.TestRunner" name="runScenario" time="52.050"/>
  <testcase classname="cucumber_options.TestRunner" name="runScenario" time="37.024"/>
  <testcase classname="cucumber_options.TestRunner" name="runScenario" time="43.903"/>
</testsuite> <!-- cucumber_options.TestRunner -->
